<?xml version="1.0" encoding="UTF-8"?>
<!-- Generated by org.testng.reporters.JUnitXMLReporter -->
<testsuite ignored="0" hostname="LAPTOP-Q0AMV9NF" failures="0" tests="6" name="Default test" time="0.094" errors="0" timestamp="2022-06-29T18:46:49 IST">
  <testcase classname="com.qa.testscripts.NetMed_TestBase" name="@BeforeClass setup" time="-1.656508609345E9">
    <failure type="org.testng.TestNGException" message="
Parameter &amp;apos;Browser&amp;apos; is required by BeforeClass on method setup but has not been marked @Optional or defined
in C:\Users\91812\AppData\Local\Temp\testng-eclipse--1682646849\testng-customsuite.xml">
      <![CDATA[org.testng.TestNGException: 
Parameter 'Browser' is required by BeforeClass on method setup but has not been marked @Optional or defined
in C:\Users\91812\AppData\Local\Temp\testng-eclipse--1682646849\testng-customsuite.xml
at org.testng.internal.Parameters.createParams(Parameters.java:270)
at org.testng.internal.Parameters.createParametersForMethod(Parameters.java:358)
at org.testng.internal.Parameters.createParameters(Parameters.java:700)
at org.testng.internal.Parameters.createConfigurationParameters(Parameters.java:168)
at org.testng.internal.ConfigInvoker.invokeConfigurations(ConfigInvoker.java:302)
at org.testng.internal.TestMethodWorker.invokeBeforeClassMethods(TestMethodWorker.java:176)
at org.testng.internal.TestMethodWorker.run(TestMethodWorker.java:122)
at java.base/java.util.ArrayList.forEach(ArrayList.java:1511)
at org.testng.TestRunner.privateRun(TestRunner.java:794)
at org.testng.TestRunner.run(TestRunner.java:596)
at org.testng.SuiteRunner.runTest(SuiteRunner.java:377)
at org.testng.SuiteRunner.runSequentially(SuiteRunner.java:371)
at org.testng.SuiteRunner.privateRun(SuiteRunner.java:332)
at org.testng.SuiteRunner.run(SuiteRunner.java:276)
at org.testng.SuiteRunnerWorker.runSuite(SuiteRunnerWorker.java:53)
at org.testng.SuiteRunnerWorker.run(SuiteRunnerWorker.java:96)
at org.testng.TestNG.runSuitesSequentially(TestNG.java:1212)
at org.testng.TestNG.runSuitesLocally(TestNG.java:1134)
at org.testng.TestNG.runSuites(TestNG.java:1063)
at org.testng.TestNG.run(TestNG.java:1031)
at org.testng.remote.AbstractRemoteTestNG.run(AbstractRemoteTestNG.java:115)
at org.testng.remote.RemoteTestNG.initAndRun(RemoteTestNG.java:251)
at org.testng.remote.RemoteTestNG.main(RemoteTestNG.java:77)
]]>
    </failure>
  </testcase> <!-- @BeforeClass setup -->
  <testcase classname="com.qa.testscripts.NetMed_TestBase" name="@AfterClass tearDown" time="-1.656508609412E9">
    <skipped/>
  </testcase> <!-- @AfterClass tearDown -->
  <testcase classname="com.qa.testscripts.TC_NetMeds_004" name="FilterActivities" time="0.0">
    <skipped/>
  </testcase> <!-- FilterActivities -->
  <testcase classname="com.qa.testscripts.TC_NetMeds_004" name="AvailabilityCheckBoxSelected" time="0.0">
    <skipped/>
  </testcase> <!-- AvailabilityCheckBoxSelected -->
  <testcase classname="com.qa.testscripts.TC_NetMeds_004" name="categorySelection" time="0.0">
    <skipped/>
  </testcase> <!-- categorySelection -->
  <testcase classname="com.qa.testscripts.TC_NetMeds_004" name="clickTheManufacturer" time="0.0">
    <skipped/>
  </testcase> <!-- clickTheManufacturer -->
  <testcase classname="com.qa.testscripts.TC_NetMeds_004" name="isAddToCartPopUpDisplayed" time="0.0">
    <skipped/>
  </testcase> <!-- isAddToCartPopUpDisplayed -->
  <testcase classname="com.qa.testscripts.TC_NetMeds_004" name="CartPage" time="0.0">
    <skipped/>
  </testcase> <!-- CartPage -->
</testsuite> <!-- Default test -->
