<?xml version="1.0" encoding="UTF-8"?>
<!-- Generated by org.testng.reporters.JUnitXMLReporter -->
<testsuite ignored="0" hostname="LAPTOP-Q0AMV9NF" failures="2" tests="3" name="Test Automation Chrome" time="19.541" errors="0" timestamp="2022-07-13T18:20:25 IST">
  <testcase classname="com.qa.testscripts.TC_NetMeds_001" name="SearchItem" time="0.843">
    <failure type="java.lang.AssertionError" message="expected [true] but found [false]">
      <![CDATA[java.lang.AssertionError: expected [true] but found [false]
at com.qa.testscripts.TC_NetMeds_001.SearchItem(TC_NetMeds_001.java:27)
at java.base/java.util.ArrayList.forEach(ArrayList.java:1511)
... Removed 31 stack frames]]>
    </failure>
  </testcase> <!-- SearchItem -->
  <testcase classname="com.qa.testscripts.TC_NetMeds_001" name="SearchItem" time="0.981">
    <failure type="java.lang.AssertionError" message="expected [true] but found [false]">
      <![CDATA[java.lang.AssertionError: expected [true] but found [false]
at com.qa.testscripts.TC_NetMeds_001.SearchItem(TC_NetMeds_001.java:27)
at java.base/java.util.ArrayList.forEach(ArrayList.java:1511)
... Removed 31 stack frames]]>
    </failure>
  </testcase> <!-- SearchItem -->
  <testcase classname="com.qa.testscripts.TC_NetMeds_002" name="CartPage" time="0.0">
    <skipped/>
  </testcase> <!-- CartPage -->
</testsuite> <!-- Test Automation Chrome -->
